2026-06-22 13:20:42.520 | ERROR    | app.core.content_monitor.services.account_repository:_load_accounts_from_json:91 - Invalid Douyin monitor config; reset. backup=/tmp/tmpto97q326/douyin_content_monitor.json.invalid.20260622_132042.bak, error=Expecting property name enclosed in double quotes: line 1 column 2 (char 1)
2026-06-22 13:20:42.648 | INFO     | app.core.config.config_manager:_init_config:50 - Initialized configuration file: /tmp/tmphg3wf5ir/config/cookies.json
2026-06-22 13:20:42.650 | INFO     | app.core.config.config_manager:_init_config:50 - Initialized configuration file: /tmp/tmphg3wf5ir/config/accounts.json
2026-06-22 13:20:42.651 | INFO     | app.core.config.config_manager:_init_config:50 - Initialized configuration file: /tmp/tmphg3wf5ir/config/recordings.json
2026-06-22 13:20:42.653 | INFO     | app.core.config.config_manager:_init_config:50 - Initialized configuration file: /tmp/tmphg3wf5ir/config/web_auth.json
2026-06-22 13:20:42.658 | INFO     | app.core.config.config_manager:_backup_file:116 - Backed up configuration file: /tmp/tmphg3wf5ir/config/cookies.json.autosave.20260622_132042.bak
2026-06-22 13:20:42.659 | INFO     | app.core.config.config_manager:_save_config:281 - Cookies configuration saved.
2026-06-22 13:20:42.664 | INFO     | app.core.content_monitor.services.account_service:_load_accounts:12 - Douyin content monitor: loaded 0 accounts
2026-06-22 13:20:42.666 | INFO     | app.core.content_monitor.services.account_service:_load_accounts:12 - Douyin content monitor: loaded 0 accounts
2026-06-22 13:20:42.668 | INFO     | app.core.content_monitor.services.account_service:_load_accounts:12 - Douyin content monitor: loaded 0 accounts
2026-06-22 13:20:42.668 | INFO     | app.core.content_monitor.services.scheduler_service:start:26 - Initialized Douyin content monitor interval=600s
2026-06-22 13:20:42.669 | INFO     | app.core.content_monitor.services.scheduler_service:_loop:41 - Starting Douyin content monitor background task
2026-06-22 13:20:42.670 | INFO     | app.core.content_monitor.services.scheduler_service:_loop:52 - Douyin content monitor background task stopped
2026-06-22 13:20:42.677 | INFO     | app.core.content_monitor.services.account_service:_load_accounts:12 - Douyin content monitor: loaded 0 accounts
2026-06-22 13:20:52.866 | INFO     | app.core.content_monitor.services.account_service:_load_accounts:12 - Douyin content monitor: loaded 0 accounts
2026-06-22 13:20:56.981 | INFO     | app.core.content_monitor.services.account_service:_load_accounts:12 - Douyin content monitor: loaded 0 accounts
2026-06-22 13:21:17.207 | INFO     | app.core.config.config_manager:_init_config:50 - Initialized configuration file: /tmp/douyin_legacy_migration_sxx4znb_/config/default_settings.json
2026-06-22 13:21:17.212 | INFO     | app.core.config.config_manager:_init_config:50 - Initialized configuration file: /tmp/douyin_legacy_migration_sxx4znb_/config/accounts.json
2026-06-22 13:21:17.213 | INFO     | app.core.config.config_manager:_init_config:50 - Initialized configuration file: /tmp/douyin_legacy_migration_sxx4znb_/config/recordings.json
2026-06-22 13:21:17.215 | INFO     | app.core.config.config_manager:_init_config:50 - Initialized configuration file: /tmp/douyin_legacy_migration_sxx4znb_/config/web_auth.json
2026-06-22 13:21:17.219 | ERROR    | app.core.config.config_manager:_load_config:213 - Configuration file not found: /tmp/douyin_legacy_migration_sxx4znb_/config/language.json
2026-06-22 13:21:17.220 | INFO     | app.core.config.language_manager:load:51 - Language Code: zh_CN
2026-06-22 13:21:17.221 | ERROR    | app.core.config.config_manager:_load_config:213 - Configuration file not found: /tmp/douyin_legacy_migration_sxx4znb_/locales/zh_CN.json
2026-06-22 13:21:17.235 | INFO     | app.core.content_monitor.services.account_service:_load_accounts:12 - Douyin content monitor: loaded 0 accounts
2026-06-22 13:21:18.912 | INFO     | app.core.config.config_manager:_init_config:50 - Initialized configuration file: /mnt/data/work_1to9/douyin_monitor-main/config/cookies.json
2026-06-22 13:21:18.915 | INFO     | app.core.config.config_manager:_init_config:50 - Initialized configuration file: /mnt/data/work_1to9/douyin_monitor-main/config/accounts.json
2026-06-22 13:21:18.916 | INFO     | app.core.config.config_manager:_init_config:50 - Initialized configuration file: /mnt/data/work_1to9/douyin_monitor-main/config/recordings.json
2026-06-22 13:21:18.917 | INFO     | app.core.config.config_manager:_init_config:50 - Initialized configuration file: /mnt/data/work_1to9/douyin_monitor-main/config/web_auth.json
2026-06-22 13:21:18.932 | INFO     | app.core.config.language_manager:load:51 - Language Code: zh_CN
2026-06-22 13:21:18.941 | INFO     | app.core.content_monitor.services.account_service:_load_accounts:12 - Douyin content monitor: loaded 0 accounts
2026-06-22 13:38:28.893 | ERROR    | app.core.content_monitor.services.account_repository:_load_accounts_from_json:91 - Invalid Douyin monitor config; reset. backup=/tmp/tmpgqbzrbnf/douyin_content_monitor.json.invalid.20260622_133828.bak, error=Expecting property name enclosed in double quotes: line 1 column 2 (char 1)
2026-06-22 13:38:28.998 | INFO     | app.core.config.config_manager:_init_config:50 - Initialized configuration file: /tmp/tmpd23wqy2v/config/cookies.json
2026-06-22 13:38:28.999 | INFO     | app.core.config.config_manager:_init_config:50 - Initialized configuration file: /tmp/tmpd23wqy2v/config/accounts.json
2026-06-22 13:38:29.000 | INFO     | app.core.config.config_manager:_init_config:50 - Initialized configuration file: /tmp/tmpd23wqy2v/config/recordings.json
2026-06-22 13:38:29.001 | INFO     | app.core.config.config_manager:_init_config:50 - Initialized configuration file: /tmp/tmpd23wqy2v/config/web_auth.json
2026-06-22 13:38:29.005 | INFO     | app.core.config.config_manager:_backup_file:116 - Backed up configuration file: /tmp/tmpd23wqy2v/config/cookies.json.autosave.20260622_133829.bak
2026-06-22 13:38:29.007 | INFO     | app.core.config.config_manager:_save_config:281 - Cookies configuration saved.
2026-06-22 13:38:29.010 | INFO     | app.core.content_monitor.services.account_service:_load_accounts:12 - Douyin content monitor: loaded 0 accounts
2026-06-22 13:38:29.012 | INFO     | app.core.content_monitor.services.account_service:_load_accounts:12 - Douyin content monitor: loaded 0 accounts
2026-06-22 13:38:29.013 | INFO     | app.core.content_monitor.services.account_service:_load_accounts:12 - Douyin content monitor: loaded 0 accounts
2026-06-22 13:38:29.014 | INFO     | app.core.content_monitor.services.scheduler_service:start:26 - Initialized Douyin content monitor interval=600s
2026-06-22 13:38:29.015 | INFO     | app.core.content_monitor.services.scheduler_service:_loop:41 - Starting Douyin content monitor background task
2026-06-22 13:38:29.016 | INFO     | app.core.content_monitor.services.scheduler_service:_loop:52 - Douyin content monitor background task stopped
2026-06-22 13:38:29.021 | INFO     | app.core.content_monitor.services.account_service:_load_accounts:12 - Douyin content monitor: loaded 0 accounts
2026-06-22 13:38:39.190 | INFO     | app.core.content_monitor.services.account_service:_load_accounts:12 - Douyin content monitor: loaded 0 accounts
2026-06-22 13:38:43.206 | INFO     | app.core.content_monitor.services.account_service:_load_accounts:12 - Douyin content monitor: loaded 0 accounts
2026-06-22 13:38:50.007 | INFO     | app.core.config.config_manager:_init_config:50 - Initialized configuration file: /tmp/douyin_legacy_migration_oyyttrl0/config/default_settings.json
2026-06-22 13:38:50.011 | INFO     | app.core.config.config_manager:_init_config:50 - Initialized configuration file: /tmp/douyin_legacy_migration_oyyttrl0/config/accounts.json
2026-06-22 13:38:50.012 | INFO     | app.core.config.config_manager:_init_config:50 - Initialized configuration file: /tmp/douyin_legacy_migration_oyyttrl0/config/recordings.json
2026-06-22 13:38:50.013 | INFO     | app.core.config.config_manager:_init_config:50 - Initialized configuration file: /tmp/douyin_legacy_migration_oyyttrl0/config/web_auth.json
2026-06-22 13:38:50.019 | ERROR    | app.core.config.config_manager:_load_config:213 - Configuration file not found: /tmp/douyin_legacy_migration_oyyttrl0/config/language.json
2026-06-22 13:38:50.020 | INFO     | app.core.config.language_manager:load:51 - Language Code: zh_CN
2026-06-22 13:38:50.021 | ERROR    | app.core.config.config_manager:_load_config:213 - Configuration file not found: /tmp/douyin_legacy_migration_oyyttrl0/locales/zh_CN.json
2026-06-22 13:38:50.029 | INFO     | app.core.content_monitor.services.account_service:_load_accounts:12 - Douyin content monitor: loaded 0 accounts
2026-06-22 13:38:51.903 | INFO     | app.core.config.config_manager:_init_config:50 - Initialized configuration file: /mnt/data/work_install/douyin_monitor-main/config/cookies.json
2026-06-22 13:38:51.907 | INFO     | app.core.config.config_manager:_init_config:50 - Initialized configuration file: /mnt/data/work_install/douyin_monitor-main/config/accounts.json
2026-06-22 13:38:51.908 | INFO     | app.core.config.config_manager:_init_config:50 - Initialized configuration file: /mnt/data/work_install/douyin_monitor-main/config/recordings.json
2026-06-22 13:38:51.909 | INFO     | app.core.config.config_manager:_init_config:50 - Initialized configuration file: /mnt/data/work_install/douyin_monitor-main/config/web_auth.json
2026-06-22 13:38:51.915 | INFO     | app.core.config.language_manager:load:51 - Language Code: zh_CN
2026-06-22 13:38:51.925 | INFO     | app.core.content_monitor.services.account_service:_load_accounts:12 - Douyin content monitor: loaded 0 accounts
2026-06-22 13:40:33.846 | INFO     | app.core.config.config_manager:_init_config:50 - Initialized configuration file: /tmp/douyin_legacy_migration_32ck3w_y/config/default_settings.json
2026-06-22 13:40:33.851 | INFO     | app.core.config.config_manager:_init_config:50 - Initialized configuration file: /tmp/douyin_legacy_migration_32ck3w_y/config/accounts.json
2026-06-22 13:40:33.853 | INFO     | app.core.config.config_manager:_init_config:50 - Initialized configuration file: /tmp/douyin_legacy_migration_32ck3w_y/config/recordings.json
2026-06-22 13:40:33.854 | INFO     | app.core.config.config_manager:_init_config:50 - Initialized configuration file: /tmp/douyin_legacy_migration_32ck3w_y/config/web_auth.json
2026-06-22 13:40:33.875 | ERROR    | app.core.config.config_manager:_load_config:213 - Configuration file not found: /tmp/douyin_legacy_migration_32ck3w_y/config/language.json
2026-06-22 13:40:33.877 | INFO     | app.core.config.language_manager:load:51 - Language Code: zh_CN
2026-06-22 13:40:33.878 | ERROR    | app.core.config.config_manager:_load_config:213 - Configuration file not found: /tmp/douyin_legacy_migration_32ck3w_y/locales/zh_CN.json
2026-06-22 13:40:33.887 | INFO     | app.core.content_monitor.services.account_service:_load_accounts:12 - Douyin content monitor: loaded 0 accounts
2026-06-22 13:40:36.006 | INFO     | app.core.config.config_manager:_init_config:50 - Initialized configuration file: /mnt/data/work_install/douyin_monitor-main/config/cookies.json
2026-06-22 13:40:36.010 | INFO     | app.core.config.config_manager:_init_config:50 - Initialized configuration file: /mnt/data/work_install/douyin_monitor-main/config/accounts.json
2026-06-22 13:40:36.011 | INFO     | app.core.config.config_manager:_init_config:50 - Initialized configuration file: /mnt/data/work_install/douyin_monitor-main/config/recordings.json
2026-06-22 13:40:36.012 | INFO     | app.core.config.config_manager:_init_config:50 - Initialized configuration file: /mnt/data/work_install/douyin_monitor-main/config/web_auth.json
2026-06-22 13:40:36.019 | INFO     | app.core.config.language_manager:load:51 - Language Code: zh_CN
2026-06-22 13:40:36.031 | INFO     | app.core.content_monitor.services.account_service:_load_accounts:12 - Douyin content monitor: loaded 0 accounts
2026-06-22 14:05:32.208 | ERROR    | app.core.content_monitor.services.account_repository:_load_accounts_from_json:91 - Invalid Douyin monitor config; reset. backup=/tmp/tmps9qlqai4/douyin_content_monitor.json.invalid.20260622_140532.bak, error=Expecting property name enclosed in double quotes: line 1 column 2 (char 1)
2026-06-22 14:05:32.320 | INFO     | app.core.config.config_manager:_init_config:50 - Initialized configuration file: /tmp/tmphfmgqkud/config/cookies.json
2026-06-22 14:05:32.321 | INFO     | app.core.config.config_manager:_init_config:50 - Initialized configuration file: /tmp/tmphfmgqkud/config/accounts.json
2026-06-22 14:05:32.322 | INFO     | app.core.config.config_manager:_init_config:50 - Initialized configuration file: /tmp/tmphfmgqkud/config/recordings.json
2026-06-22 14:05:32.323 | INFO     | app.core.config.config_manager:_init_config:50 - Initialized configuration file: /tmp/tmphfmgqkud/config/web_auth.json
2026-06-22 14:05:32.327 | INFO     | app.core.config.config_manager:_backup_file:116 - Backed up configuration file: /tmp/tmphfmgqkud/config/cookies.json.autosave.20260622_140532.bak
2026-06-22 14:05:32.328 | INFO     | app.core.config.config_manager:_save_config:281 - Cookies configuration saved.
2026-06-22 14:05:32.340 | INFO     | app.core.content_monitor.services.account_service:_load_accounts:12 - Douyin content monitor: loaded 0 accounts
2026-06-22 14:05:32.341 | INFO     | app.core.content_monitor.services.account_service:_load_accounts:12 - Douyin content monitor: loaded 0 accounts
2026-06-22 14:05:32.343 | INFO     | app.core.content_monitor.services.account_service:_load_accounts:12 - Douyin content monitor: loaded 0 accounts
2026-06-22 14:05:32.343 | INFO     | app.core.content_monitor.services.scheduler_service:start:26 - Initialized Douyin content monitor interval=600s
2026-06-22 14:05:32.344 | INFO     | app.core.content_monitor.services.scheduler_service:_loop:41 - Starting Douyin content monitor background task
2026-06-22 14:05:32.344 | INFO     | app.core.content_monitor.services.scheduler_service:_loop:52 - Douyin content monitor background task stopped
2026-06-22 14:05:32.363 | INFO     | app.core.content_monitor.services.account_service:_load_accounts:12 - Douyin content monitor: loaded 0 accounts
2026-06-22 14:05:42.537 | INFO     | app.core.content_monitor.services.account_service:_load_accounts:12 - Douyin content monitor: loaded 0 accounts
2026-06-22 14:05:46.784 | INFO     | app.core.content_monitor.services.account_service:_load_accounts:12 - Douyin content monitor: loaded 0 accounts
2026-06-22 14:13:55.675 | ERROR    | app.core.content_monitor.services.account_repository:_load_accounts_from_json:91 - Invalid Douyin monitor config; reset. backup=/tmp/tmpwgfjb3rl/douyin_content_monitor.json.invalid.20260622_141355.bak, error=Expecting property name enclosed in double quotes: line 1 column 2 (char 1)
2026-06-22 14:13:55.818 | INFO     | app.core.config.config_manager:_init_config:50 - Initialized configuration file: /tmp/tmpmi1xea9n/config/cookies.json
2026-06-22 14:13:55.819 | INFO     | app.core.config.config_manager:_init_config:50 - Initialized configuration file: /tmp/tmpmi1xea9n/config/accounts.json
2026-06-22 14:13:55.821 | INFO     | app.core.config.config_manager:_init_config:50 - Initialized configuration file: /tmp/tmpmi1xea9n/config/recordings.json
2026-06-22 14:13:55.822 | INFO     | app.core.config.config_manager:_init_config:50 - Initialized configuration file: /tmp/tmpmi1xea9n/config/web_auth.json
2026-06-22 14:13:55.827 | INFO     | app.core.config.config_manager:_backup_file:116 - Backed up configuration file: /tmp/tmpmi1xea9n/config/cookies.json.autosave.20260622_141355.bak
2026-06-22 14:13:55.828 | INFO     | app.core.config.config_manager:_save_config:281 - Cookies configuration saved.
2026-06-22 14:13:55.833 | INFO     | app.core.content_monitor.services.account_service:_load_accounts:12 - Douyin content monitor: loaded 0 accounts
2026-06-22 14:13:55.835 | INFO     | app.core.content_monitor.services.account_service:_load_accounts:12 - Douyin content monitor: loaded 0 accounts
2026-06-22 14:13:55.837 | INFO     | app.core.content_monitor.services.account_service:_load_accounts:12 - Douyin content monitor: loaded 0 accounts
2026-06-22 14:13:55.837 | INFO     | app.core.content_monitor.services.scheduler_service:start:26 - Initialized Douyin content monitor interval=600s
2026-06-22 14:13:55.838 | INFO     | app.core.content_monitor.services.scheduler_service:_loop:41 - Starting Douyin content monitor background task
2026-06-22 14:13:55.839 | INFO     | app.core.content_monitor.services.scheduler_service:_loop:52 - Douyin content monitor background task stopped
2026-06-22 14:13:55.846 | INFO     | app.core.content_monitor.services.account_service:_load_accounts:12 - Douyin content monitor: loaded 0 accounts
2026-06-22 14:14:06.054 | INFO     | app.core.content_monitor.services.account_service:_load_accounts:12 - Douyin content monitor: loaded 0 accounts
2026-06-22 14:14:10.015 | INFO     | app.core.content_monitor.services.account_service:_load_accounts:12 - Douyin content monitor: loaded 0 accounts
2026-06-22 14:23:04.336 | ERROR    | app.core.content_monitor.services.account_repository:_load_accounts_from_json:91 - Invalid Douyin monitor config; reset. backup=/tmp/tmp555sh0zh/douyin_content_monitor.json.invalid.20260622_142304.bak, error=Expecting property name enclosed in double quotes: line 1 column 2 (char 1)
2026-06-22 14:23:04.447 | INFO     | app.core.config.config_manager:_init_config:50 - Initialized configuration file: /tmp/tmp_ayd8r00/config/cookies.json
2026-06-22 14:23:04.448 | INFO     | app.core.config.config_manager:_init_config:50 - Initialized configuration file: /tmp/tmp_ayd8r00/config/accounts.json
2026-06-22 14:23:04.449 | INFO     | app.core.config.config_manager:_init_config:50 - Initialized configuration file: /tmp/tmp_ayd8r00/config/recordings.json
2026-06-22 14:23:04.450 | INFO     | app.core.config.config_manager:_init_config:50 - Initialized configuration file: /tmp/tmp_ayd8r00/config/web_auth.json
2026-06-22 14:23:04.454 | INFO     | app.core.config.config_manager:_backup_file:116 - Backed up configuration file: /tmp/tmp_ayd8r00/config/cookies.json.autosave.20260622_142304.bak
2026-06-22 14:23:04.456 | INFO     | app.core.config.config_manager:_save_config:281 - Cookies configuration saved.
2026-06-22 14:23:04.459 | INFO     | app.core.content_monitor.services.account_service:_load_accounts:12 - Douyin content monitor: loaded 0 accounts
2026-06-22 14:23:04.461 | INFO     | app.core.content_monitor.services.account_service:_load_accounts:12 - Douyin content monitor: loaded 0 accounts
2026-06-22 14:23:04.462 | INFO     | app.core.content_monitor.services.account_service:_load_accounts:12 - Douyin content monitor: loaded 0 accounts
2026-06-22 14:23:04.463 | INFO     | app.core.content_monitor.services.scheduler_service:start:26 - Initialized Douyin content monitor interval=600s
2026-06-22 14:23:04.464 | INFO     | app.core.content_monitor.services.scheduler_service:_loop:41 - Starting Douyin content monitor background task
2026-06-22 14:23:04.464 | INFO     | app.core.content_monitor.services.scheduler_service:_loop:52 - Douyin content monitor background task stopped
2026-06-22 14:23:04.471 | INFO     | app.core.content_monitor.services.account_service:_load_accounts:12 - Douyin content monitor: loaded 0 accounts
2026-06-22 14:23:14.634 | INFO     | app.core.content_monitor.services.account_service:_load_accounts:12 - Douyin content monitor: loaded 0 accounts
2026-06-22 14:23:18.670 | INFO     | app.core.content_monitor.services.account_service:_load_accounts:12 - Douyin content monitor: loaded 0 accounts
